<?xml version="1.0" encoding="UTF-8"?>
<testng-results skipped="0" failed="0" total="2" passed="2">
  <reporter-output>
  </reporter-output>
  <suite name="Default suite" duration-ms="65426" started-at="2021-07-06T13:34:26Z" finished-at="2021-07-06T13:35:32Z">
    <groups>
    </groups>
    <test name="Default test" duration-ms="65426" started-at="2021-07-06T13:34:26Z" finished-at="2021-07-06T13:35:32Z">
      <class name="com.spice.qa.testCases.LoginPageTest">
        <test-method status="PASS" signature="setUp()[pri:0, instance:com.spice.qa.testCases.LoginPageTest@5e5792a0]" name="setUp" is-config="true" duration-ms="37841" started-at="2021-07-06T19:04:26Z" finished-at="2021-07-06T19:05:04Z">
          <reporter-output>
          </reporter-output>
        </test-method> <!-- setUp -->
        <test-method status="PASS" signature="LoginPageTitle()[pri:0, instance:com.spice.qa.testCases.LoginPageTest@5e5792a0]" name="LoginPageTitle" duration-ms="65" started-at="2021-07-06T19:05:04Z" finished-at="2021-07-06T19:05:04Z">
          <reporter-output>
          </reporter-output>
        </test-method> <!-- LoginPageTitle -->
        <test-method status="PASS" signature="tearDown()[pri:0, instance:com.spice.qa.testCases.LoginPageTest@5e5792a0]" name="tearDown" is-config="true" duration-ms="788" started-at="2021-07-06T19:05:04Z" finished-at="2021-07-06T19:05:05Z">
          <reporter-output>
          </reporter-output>
        </test-method> <!-- tearDown -->
        <test-method status="PASS" signature="setUp()[pri:0, instance:com.spice.qa.testCases.LoginPageTest@5e5792a0]" name="setUp" is-config="true" duration-ms="24169" started-at="2021-07-06T19:05:05Z" finished-at="2021-07-06T19:05:29Z">
          <reporter-output>
          </reporter-output>
        </test-method> <!-- setUp -->
        <test-method status="PASS" signature="logintest()[pri:0, instance:com.spice.qa.testCases.LoginPageTest@5e5792a0]" name="logintest" duration-ms="1191" started-at="2021-07-06T19:05:29Z" finished-at="2021-07-06T19:05:30Z">
          <reporter-output>
          </reporter-output>
        </test-method> <!-- logintest -->
        <test-method status="PASS" signature="tearDown()[pri:0, instance:com.spice.qa.testCases.LoginPageTest@5e5792a0]" name="tearDown" is-config="true" duration-ms="1339" started-at="2021-07-06T19:05:30Z" finished-at="2021-07-06T19:05:32Z">
          <reporter-output>
          </reporter-output>
        </test-method> <!-- tearDown -->
      </class> <!-- com.spice.qa.testCases.LoginPageTest -->
    </test> <!-- Default test -->
  </suite> <!-- Default suite -->
</testng-results>
